<testsuite name="sample"><testcase classname="x" name="y"/></testsuite>
